Performing C SOURCE FILE Test CMAKE_HAVE_LIBC_PTHREAD failed with the following output:
Change Dir: /fetch_ws/build/fetch_ikfast_plugin/CMakeFiles/CMakeTmp

Run Build Command(s):/usr/bin/make cmTC_4cb31/fast && /usr/bin/make -f CMakeFiles/cmTC_4cb31.dir/build.make CMakeFiles/cmTC_4cb31.dir/build
make[1]: Entering directory '/fetch_ws/build/fetch_ikfast_plugin/CMakeFiles/CMakeTmp'
Building C object CMakeFiles/cmTC_4cb31.dir/src.c.o
/usr/bin/cc   -DCMAKE_HAVE_LIBC_PTHREAD   -o CMakeFiles/cmTC_4cb31.dir/src.c.o   -c /fetch_ws/build/fetch_ikfast_plugin/CMakeFiles/CMakeTmp/src.c
Linking C executable cmTC_4cb31
/usr/bin/cmake -E cmake_link_script CMakeFiles/cmTC_4cb31.dir/link.txt --verbose=1
/usr/bin/cc  -DCMAKE_HAVE_LIBC_PTHREAD    -rdynamic CMakeFiles/cmTC_4cb31.dir/src.c.o  -o cmTC_4cb31 
/usr/bin/ld: CMakeFiles/cmTC_4cb31.dir/src.c.o: in function `main':
src.c:(.text+0x46): undefined reference to `pthread_create'
/usr/bin/ld: src.c:(.text+0x52): undefined reference to `pthread_detach'
/usr/bin/ld: src.c:(.text+0x63): undefined reference to `pthread_join'
collect2: error: ld returned 1 exit status
make[1]: *** [CMakeFiles/cmTC_4cb31.dir/build.make:87: cmTC_4cb31] Error 1
make[1]: Leaving directory '/fetch_ws/build/fetch_ikfast_plugin/CMakeFiles/CMakeTmp'
make: *** [Makefile:121: cmTC_4cb31/fast] Error 2


Source file was:
#include <pthread.h>

void* test_func(void* data)
{
  return data;
}

int main(void)
{
  pthread_t thread;
  pthread_create(&thread, NULL, test_func, NULL);
  pthread_detach(thread);
  pthread_join(thread, NULL);
  pthread_atfork(NULL, NULL, NULL);
  pthread_exit(NULL);

  return 0;
}

Determining if the function pthread_create exists in the pthreads failed with the following output:
Change Dir: /fetch_ws/build/fetch_ikfast_plugin/CMakeFiles/CMakeTmp

Run Build Command(s):/usr/bin/make cmTC_1490c/fast && /usr/bin/make -f CMakeFiles/cmTC_1490c.dir/build.make CMakeFiles/cmTC_1490c.dir/build
make[1]: Entering directory '/fetch_ws/build/fetch_ikfast_plugin/CMakeFiles/CMakeTmp'
Building C object CMakeFiles/cmTC_1490c.dir/CheckFunctionExists.c.o
/usr/bin/cc   -DCHECK_FUNCTION_EXISTS=pthread_create   -o CMakeFiles/cmTC_1490c.dir/CheckFunctionExists.c.o   -c /usr/share/cmake-3.16/Modules/CheckFunctionExists.c
Linking C executable cmTC_1490c
/usr/bin/cmake -E cmake_link_script CMakeFiles/cmTC_1490c.dir/link.txt --verbose=1
/usr/bin/cc  -DCHECK_FUNCTION_EXISTS=pthread_create    -rdynamic CMakeFiles/cmTC_1490c.dir/CheckFunctionExists.c.o  -o cmTC_1490c  -lpthreads 
/usr/bin/ld: cannot find -lpthreads
collect2: error: ld returned 1 exit status
make[1]: *** [CMakeFiles/cmTC_1490c.dir/build.make:87: cmTC_1490c] Error 1
make[1]: Leaving directory '/fetch_ws/build/fetch_ikfast_plugin/CMakeFiles/CMakeTmp'
make: *** [Makefile:121: cmTC_1490c/fast] Error 2



Determining if the function sgemm_ exists failed with the following output:
Change Dir: /fetch_ws/build/fetch_ikfast_plugin/CMakeFiles/CMakeTmp

Run Build Command(s):/usr/bin/make cmTC_d3a36/fast && /usr/bin/make -f CMakeFiles/cmTC_d3a36.dir/build.make CMakeFiles/cmTC_d3a36.dir/build
make[1]: Entering directory '/fetch_ws/build/fetch_ikfast_plugin/CMakeFiles/CMakeTmp'
Building C object CMakeFiles/cmTC_d3a36.dir/CheckFunctionExists.c.o
/usr/bin/cc   -DCHECK_FUNCTION_EXISTS=sgemm_   -o CMakeFiles/cmTC_d3a36.dir/CheckFunctionExists.c.o   -c /usr/share/cmake-3.16/Modules/CheckFunctionExists.c
Linking C executable cmTC_d3a36
/usr/bin/cmake -E cmake_link_script CMakeFiles/cmTC_d3a36.dir/link.txt --verbose=1
/usr/bin/cc  -DCHECK_FUNCTION_EXISTS=sgemm_    -rdynamic CMakeFiles/cmTC_d3a36.dir/CheckFunctionExists.c.o  -o cmTC_d3a36 
/usr/bin/ld: CMakeFiles/cmTC_d3a36.dir/CheckFunctionExists.c.o: in function `main':
CheckFunctionExists.c:(.text+0x14): undefined reference to `sgemm_'
collect2: error: ld returned 1 exit status
make[1]: *** [CMakeFiles/cmTC_d3a36.dir/build.make:87: cmTC_d3a36] Error 1
make[1]: Leaving directory '/fetch_ws/build/fetch_ikfast_plugin/CMakeFiles/CMakeTmp'
make: *** [Makefile:121: cmTC_d3a36/fast] Error 2



Determining if the function cheev_ exists failed with the following output:
Change Dir: /fetch_ws/build/fetch_ikfast_plugin/CMakeFiles/CMakeTmp

Run Build Command(s):/usr/bin/make cmTC_36ef5/fast && /usr/bin/make -f CMakeFiles/cmTC_36ef5.dir/build.make CMakeFiles/cmTC_36ef5.dir/build
make[1]: Entering directory '/fetch_ws/build/fetch_ikfast_plugin/CMakeFiles/CMakeTmp'
Building C object CMakeFiles/cmTC_36ef5.dir/CheckFunctionExists.c.o
/usr/bin/cc   -DCHECK_FUNCTION_EXISTS=cheev_   -o CMakeFiles/cmTC_36ef5.dir/CheckFunctionExists.c.o   -c /usr/share/cmake-3.16/Modules/CheckFunctionExists.c
Linking C executable cmTC_36ef5
/usr/bin/cmake -E cmake_link_script CMakeFiles/cmTC_36ef5.dir/link.txt --verbose=1
/usr/bin/cc  -DCHECK_FUNCTION_EXISTS=cheev_    -rdynamic CMakeFiles/cmTC_36ef5.dir/CheckFunctionExists.c.o  -o cmTC_36ef5  /usr/lib/x86_64-linux-gnu/libblas.so 
/usr/bin/ld: CMakeFiles/cmTC_36ef5.dir/CheckFunctionExists.c.o: in function `main':
CheckFunctionExists.c:(.text+0x14): undefined reference to `cheev_'
collect2: error: ld returned 1 exit status
make[1]: *** [CMakeFiles/cmTC_36ef5.dir/build.make:88: cmTC_36ef5] Error 1
make[1]: Leaving directory '/fetch_ws/build/fetch_ikfast_plugin/CMakeFiles/CMakeTmp'
make: *** [Makefile:121: cmTC_36ef5/fast] Error 2



